2019-10-30T18:13:44.235745 yuzhd: - Работаем!
2019-10-30T18:14:51.894189 chel: - Работаем!
2019-10-30T18:15:11.981879 kurgan: - Попали в спам!
2019-10-30T18:15:27.112671 orenburg: - Попали в спам!
2019-10-30T18:15:39.224029 regions: - Попали в спам!
2019-10-31T11:37:38.010634 yuzhd: - Работаем!
2019-10-31T11:43:26.857347 yuzhd: - Работаем!
2019-10-31T11:43:59.885336 chel: - Работаем!
2019-10-31T11:44:23.611036 kurgan: - Работаем!
2019-10-31T11:44:45.259090 orenburg: - Работаем!
2019-10-31T11:45:08.935553 regions: - Работаем!
2019-11-01T11:52:28.670001 yuzhd: - Работаем!
2019-11-01T11:58:00.318186 yuzhd: - Работаем!
2019-11-01T11:59:53.218299 yuzhd: - Работаем!
2019-11-01T12:00:23.410694 chel: - Работаем!
2019-11-01T12:00:59.143592 kurgan: - Работаем!
2019-11-01T12:01:21.138854 orenburg: - Попали в спам!
2019-11-01T12:01:33.335853 regions: - Попали в спам!
2019-11-01T17:06:08.583717: - Работаем!
2019-11-01T17:06:48.238777: - Работаем!
2019-11-01T17:08:45.014043: - Работаем!
2019-11-01T17:10:24.713469: - Попали в спам!
2019-11-01T17:10:29.896772: - Попали в спам!
2019-11-01T18:26:07.415069: - Работаем!
2019-11-01T18:26:40.363007: - Работаем!
2019-11-05T14:07:29.586667: - Работаем!
2019-11-05T14:08:07.796221: - Работаем!
2019-11-05T14:08:07.796221: - Работаем!
2019-11-05T14:41:03.518562: - Работаем!
2019-11-05T14:41:48.421548: - Работаем!
2019-11-05T14:41:48.421548: - Работаем!
2019-11-05T14:41:48.421548: - Попали в спам!
2019-11-05T15:37:26.311091:yuzhd - Попали в спам!
2019-11-05T15:37:26.311091:chel - Попали в спам!
2019-11-05T15:37:26.311091:kurgan - Попали в спам!
2019-11-05T16:20:52.949758: - Работаем!
2019-11-05T16:20:52.949758: chel - Попали в спам!
2019-11-05T16:20:52.949758: kurgan - Попали в спам!
2019-11-05T17:53:58.025404: yuzhd - Суп получен, приступаем к работе!
2019-11-05T18:36:10.008729: yuzhd - Суп получен, приступаем к работе!
2019-11-05T18:36:10.008729: chel - Суп получен, приступаем к работе!
2019-11-05T18:36:10.008729: kurgan - Попали в спам!
2019-11-06T11:33:19.484674: yuzhd - Суп получен, приступаем к работе!
2019-11-06T11:33:19.484674: chel - Суп получен, приступаем к работе!
2019-11-06T11:33:19.484674: kurgan - Суп получен, приступаем к работе!
2019-11-06T17:00:03.647465: yuzhd - Суп получен, приступаем к работе!
2019-11-06T17:00:03.647465: chel - Суп получен, приступаем к работе!
2019-11-06T17:00:03.647465: kurgan - Суп получен, приступаем к работе!
2019-11-06T17:00:03.647465: orenburg - Суп получен, приступаем к работе!
2019-11-06T17:00:03.647465: regions - Суп получен, приступаем к работе!
2019-11-07T11:22:16.572640: yuzhd - Суп получен, приступаем к работе!
2019-11-07T11:22:16.572640: chel - Суп получен, приступаем к работе!
2019-11-07T11:22:16.572640: kurgan - Суп получен, приступаем к работе!
2019-11-07T11:22:16.572640: orenburg - Суп получен, приступаем к работе!
2019-11-07T11:22:16.572640: regions - Попали в спам!
2019-11-07T17:10:29.741274: yuzhd - Суп получен, приступаем к работе!
2019-11-08T16:34:09.525230: yuzhd - Суп получен, приступаем к работе!
2019-11-08T16:34:09.525230: chel - Суп получен, приступаем к работе!
2019-11-08T16:34:09.525230: kurgan - Суп получен, приступаем к работе!
2019-11-08T16:34:09.525230: orenburg - Суп получен, приступаем к работе!
2019-11-08T16:34:09.525230: regions - Суп получен, приступаем к работе!
2019-11-11T11:27:23.509093: yuzhd - Суп получен, приступаем к работе!
2019-11-11T11:27:23.509093: chel - Суп получен, приступаем к работе!
2019-11-11T11:27:23.509093: kurgan - Суп получен, приступаем к работе!
2019-11-11T11:27:23.509093: orenburg - Попали в спам!
2019-11-11T11:27:23.509093: regions - Попали в спам!
2019-11-12T11:42:35.836700: yuzhd - Суп получен, приступаем к работе!
2019-11-12T11:42:35.836700: chel - Суп получен, приступаем к работе!
2019-11-12T11:42:35.836700: kurgan - Суп получен, приступаем к работе!
2019-11-12T11:42:35.836700: orenburg - Суп получен, приступаем к работе!
2019-11-12T11:42:35.836700: regions - Суп получен, приступаем к работе!
2019-11-13T11:33:04.883962: yuzhd - Суп получен, приступаем к работе!
2019-11-13T11:33:04.883962: chel - Суп получен, приступаем к работе!
2019-11-13T11:33:04.883962: kurgan - Суп получен, приступаем к работе!
2019-11-13T11:33:04.883962: orenburg - Суп получен, приступаем к работе!
2019-11-13T11:33:04.883962: regions - Суп получен, приступаем к работе!
2019-11-14T12:14:27.537676: yuzhd - Суп получен, приступаем к работе!
2019-11-14T12:14:27.537676: chel - Попали в спам!
2019-11-14T12:14:27.537676: kurgan - Попали в спам!
2019-11-14T12:14:27.537676: orenburg - Попали в спам!
2019-11-14T12:14:27.537676: regions - Попали в спам!
2019-11-15T18:38:21.035143: yuzhd - Суп получен, приступаем к работе!
2019-11-15T18:40:30.086125: yuzhd - Суп получен, приступаем к работе!
2019-11-15T18:40:30.086125: chel - Суп получен, приступаем к работе!
2019-11-15T18:40:30.086125: kurgan - Суп получен, приступаем к работе!
2019-11-15T18:40:30.086125: orenburg - Суп получен, приступаем к работе!
2019-11-15T18:40:30.086125: regions - Суп получен, приступаем к работе!
2019-11-15T20:48:02.670706: yuzhd - РЎСѓРї РїРѕР»СѓС‡РµРЅ, РїСЂРёСЃС‚СѓРїР°РµРј Рє СЂР°Р±РѕС‚Рµ!
2019-11-15T20:48:02.670706: chel - РЎСѓРї РїРѕР»СѓС‡РµРЅ, РїСЂРёСЃС‚СѓРїР°РµРј Рє СЂР°Р±РѕС‚Рµ!
2019-11-15T20:48:02.670706: kurgan - РЎСѓРї РїРѕР»СѓС‡РµРЅ, РїСЂРёСЃС‚СѓРїР°РµРј Рє СЂР°Р±РѕС‚Рµ!
2019-11-15T20:48:02.670706: orenburg - РЎСѓРї РїРѕР»СѓС‡РµРЅ, РїСЂРёСЃС‚СѓРїР°РµРј Рє СЂР°Р±РѕС‚Рµ!
2019-11-15T20:48:02.670706: regions - РЎСѓРї РїРѕР»СѓС‡РµРЅ, РїСЂРёСЃС‚СѓРїР°РµРј Рє СЂР°Р±РѕС‚Рµ!
2019-11-18T11:10:23.192484: yuzhd - РЎСѓРї РїРѕР»СѓС‡РµРЅ, РїСЂРёСЃС‚СѓРїР°РµРј Рє СЂР°Р±РѕС‚Рµ!
2019-11-18T11:10:23.192484: chel - РЎСѓРї РїРѕР»СѓС‡РµРЅ, РїСЂРёСЃС‚СѓРїР°РµРј Рє СЂР°Р±РѕС‚Рµ!
2019-11-18T11:10:23.192484: kurgan - РЎСѓРї РїРѕР»СѓС‡РµРЅ, РїСЂРёСЃС‚СѓРїР°РµРј Рє СЂР°Р±РѕС‚Рµ!
2019-11-18T11:10:23.192484: orenburg - РЎСѓРї РїРѕР»СѓС‡РµРЅ, РїСЂРёСЃС‚СѓРїР°РµРј Рє СЂР°Р±РѕС‚Рµ!
2019-11-18T11:10:23.192484: regions - РЎСѓРї РїРѕР»СѓС‡РµРЅ, РїСЂРёСЃС‚СѓРїР°РµРј Рє СЂР°Р±РѕС‚Рµ!
2019-11-19T14:30:02.225965: yuzhd - РЎСѓРї РїРѕР»СѓС‡РµРЅ, РїСЂРёСЃС‚СѓРїР°РµРј Рє СЂР°Р±РѕС‚Рµ!
2019-11-19T14:30:02.225965: chel - РЎСѓРї РїРѕР»СѓС‡РµРЅ, РїСЂРёСЃС‚СѓРїР°РµРј Рє СЂР°Р±РѕС‚Рµ!
2019-11-19T14:30:02.225965: kurgan - РЎСѓРї РїРѕР»СѓС‡РµРЅ, РїСЂРёСЃС‚СѓРїР°РµРј Рє СЂР°Р±РѕС‚Рµ!
2019-11-19T14:30:02.225965: orenburg - РЎСѓРї РїРѕР»СѓС‡РµРЅ, РїСЂРёСЃС‚СѓРїР°РµРј Рє СЂР°Р±РѕС‚Рµ!
2019-11-19T14:30:02.225965: regions - РЎСѓРї РїРѕР»СѓС‡РµРЅ, РїСЂРёСЃС‚СѓРїР°РµРј Рє СЂР°Р±РѕС‚Рµ!
2019-11-19T20:57:01.678255: Р®РЈР–Р” - РЎСѓРї РїРѕР»СѓС‡РµРЅ, РїСЂРёСЃС‚СѓРїР°РµРј Рє СЂР°Р±РѕС‚Рµ!
2019-11-19T20:57:01.678255: Р§РµР»СЏР±РёРЅСЃРє - РЎСѓРї РїРѕР»СѓС‡РµРЅ, РїСЂРёСЃС‚СѓРїР°РµРј Рє СЂР°Р±РѕС‚Рµ!
2019-11-20T10:00:02.126181: Р®РЈР–Р” - РЎСѓРї РїРѕР»СѓС‡РµРЅ, РїСЂРёСЃС‚СѓРїР°РµРј Рє СЂР°Р±РѕС‚Рµ!
2019-11-20T10:00:02.126181: Р§РµР»СЏР±РёРЅСЃРє - РЎСѓРї РїРѕР»СѓС‡РµРЅ, РїСЂРёСЃС‚СѓРїР°РµРј Рє СЂР°Р±РѕС‚Рµ!
2019-11-21T10:00:02.150673: Р®РЈР–Р” - РЎСѓРї РїРѕР»СѓС‡РµРЅ, РїСЂРёСЃС‚СѓРїР°РµРј Рє СЂР°Р±РѕС‚Рµ!
2019-11-21T10:00:02.150673: Р§РµР»СЏР±РёРЅСЃРє - РЎСѓРї РїРѕР»СѓС‡РµРЅ, РїСЂРёСЃС‚СѓРїР°РµРј Рє СЂР°Р±РѕС‚Рµ!
2019-11-21T10:00:02.150673: РљСѓСЂРіР°РЅ - РЎСѓРї РїРѕР»СѓС‡РµРЅ, РїСЂРёСЃС‚СѓРїР°РµРј Рє СЂР°Р±РѕС‚Рµ!
2019-11-21T10:00:02.150673: РћСЂРµРЅР±СѓСЂРі - РЎСѓРї РїРѕР»СѓС‡РµРЅ, РїСЂРёСЃС‚СѓРїР°РµРј Рє СЂР°Р±РѕС‚Рµ!
2019-11-21T10:00:02.150673: Р РµРіРёРѕРЅС‹ - РЎСѓРї РїРѕР»СѓС‡РµРЅ, РїСЂРёСЃС‚СѓРїР°РµРј Рє СЂР°Р±РѕС‚Рµ!
2019-11-22T10:00:01.381657: Р®РЈР–Р” - РЎСѓРї РїРѕР»СѓС‡РµРЅ, РїСЂРёСЃС‚СѓРїР°РµРј Рє СЂР°Р±РѕС‚Рµ!
2019-11-22T10:00:01.381657: Р§РµР»СЏР±РёРЅСЃРє - РЎСѓРї РїРѕР»СѓС‡РµРЅ, РїСЂРёСЃС‚СѓРїР°РµРј Рє СЂР°Р±РѕС‚Рµ!
2019-11-22T10:00:01.381657: РљСѓСЂРіР°РЅ - РЎСѓРї РїРѕР»СѓС‡РµРЅ, РїСЂРёСЃС‚СѓРїР°РµРј Рє СЂР°Р±РѕС‚Рµ!
2019-11-22T10:00:01.381657: РћСЂРµРЅР±СѓСЂРі - РЎСѓРї РїРѕР»СѓС‡РµРЅ, РїСЂРёСЃС‚СѓРїР°РµРј Рє СЂР°Р±РѕС‚Рµ!
2019-11-22T10:00:01.381657: Р РµРіРёРѕРЅС‹ - РЎСѓРї РїРѕР»СѓС‡РµРЅ, РїСЂРёСЃС‚СѓРїР°РµРј Рє СЂР°Р±РѕС‚Рµ!
2019-11-23T10:00:01.957684: Р®РЈР–Р” - РЎСѓРї РїРѕР»СѓС‡РµРЅ, РїСЂРёСЃС‚СѓРїР°РµРј Рє СЂР°Р±РѕС‚Рµ!
2019-11-23T10:00:01.957684: Р§РµР»СЏР±РёРЅСЃРє - РЎСѓРї РїРѕР»СѓС‡РµРЅ, РїСЂРёСЃС‚СѓРїР°РµРј Рє СЂР°Р±РѕС‚Рµ!
2019-11-23T10:00:01.957684: РљСѓСЂРіР°РЅ - РЎСѓРї РїРѕР»СѓС‡РµРЅ, РїСЂРёСЃС‚СѓРїР°РµРј Рє СЂР°Р±РѕС‚Рµ!
2019-11-23T10:00:01.957684: РћСЂРµРЅР±СѓСЂРі - РЎСѓРї РїРѕР»СѓС‡РµРЅ, РїСЂРёСЃС‚СѓРїР°РµРј Рє СЂР°Р±РѕС‚Рµ!
2019-11-23T10:00:01.957684: Р РµРіРёРѕРЅС‹ - РЎСѓРї РїРѕР»СѓС‡РµРЅ, РїСЂРёСЃС‚СѓРїР°РµРј Рє СЂР°Р±РѕС‚Рµ!
2019-11-24T10:00:01.539338: Р®РЈР–Р” - РЎСѓРї РїРѕР»СѓС‡РµРЅ, РїСЂРёСЃС‚СѓРїР°РµРј Рє СЂР°Р±РѕС‚Рµ!
2019-11-24T10:00:01.539338: Р§РµР»СЏР±РёРЅСЃРє - РЎСѓРї РїРѕР»СѓС‡РµРЅ, РїСЂРёСЃС‚СѓРїР°РµРј Рє СЂР°Р±РѕС‚Рµ!
2019-11-24T10:00:01.539338: РљСѓСЂРіР°РЅ - РЎСѓРї РїРѕР»СѓС‡РµРЅ, РїСЂРёСЃС‚СѓРїР°РµРј Рє СЂР°Р±РѕС‚Рµ!
2019-11-24T10:00:01.539338: РћСЂРµРЅР±СѓСЂРі - РЎСѓРї РїРѕР»СѓС‡РµРЅ, РїСЂРёСЃС‚СѓРїР°РµРј Рє СЂР°Р±РѕС‚Рµ!
2019-11-24T10:00:01.539338: Р РµРіРёРѕРЅС‹ - РЎСѓРї РїРѕР»СѓС‡РµРЅ, РїСЂРёСЃС‚СѓРїР°РµРј Рє СЂР°Р±РѕС‚Рµ!
2019-11-25T10:00:01.946276: Р®РЈР–Р” - РЎСѓРї РїРѕР»СѓС‡РµРЅ, РїСЂРёСЃС‚СѓРїР°РµРј Рє СЂР°Р±РѕС‚Рµ!
2019-11-25T10:00:01.946276: Р§РµР»СЏР±РёРЅСЃРє - РЎСѓРї РїРѕР»СѓС‡РµРЅ, РїСЂРёСЃС‚СѓРїР°РµРј Рє СЂР°Р±РѕС‚Рµ!
2019-11-25T10:00:01.946276: РљСѓСЂРіР°РЅ - РЎСѓРї РїРѕР»СѓС‡РµРЅ, РїСЂРёСЃС‚СѓРїР°РµРј Рє СЂР°Р±РѕС‚Рµ!
2019-11-25T10:00:01.946276: РћСЂРµРЅР±СѓСЂРі - РЎСѓРї РїРѕР»СѓС‡РµРЅ, РїСЂРёСЃС‚СѓРїР°РµРј Рє СЂР°Р±РѕС‚Рµ!
2019-11-25T10:00:01.946276: Р РµРіРёРѕРЅС‹ - РЎСѓРї РїРѕР»СѓС‡РµРЅ, РїСЂРёСЃС‚СѓРїР°РµРј Рє СЂР°Р±РѕС‚Рµ!
2019-11-26T10:00:01.410963: Р®РЈР–Р” - РЎСѓРї РїРѕР»СѓС‡РµРЅ, РїСЂРёСЃС‚СѓРїР°РµРј Рє СЂР°Р±РѕС‚Рµ!
2019-11-26T10:00:01.410963: Р§РµР»СЏР±РёРЅСЃРє - РЎСѓРї РїРѕР»СѓС‡РµРЅ, РїСЂРёСЃС‚СѓРїР°РµРј Рє СЂР°Р±РѕС‚Рµ!
2019-11-26T10:00:01.410963: РљСѓСЂРіР°РЅ - РЎСѓРї РїРѕР»СѓС‡РµРЅ, РїСЂРёСЃС‚СѓРїР°РµРј Рє СЂР°Р±РѕС‚Рµ!
2019-11-26T10:00:01.410963: РћСЂРµРЅР±СѓСЂРі - РЎСѓРї РїРѕР»СѓС‡РµРЅ, РїСЂРёСЃС‚СѓРїР°РµРј Рє СЂР°Р±РѕС‚Рµ!
2019-11-26T10:00:01.410963: Р РµРіРёРѕРЅС‹ - РЎСѓРї РїРѕР»СѓС‡РµРЅ, РїСЂРёСЃС‚СѓРїР°РµРј Рє СЂР°Р±РѕС‚Рµ!
2019-11-27T10:00:01.515029: Р®РЈР–Р” - РЎСѓРї РїРѕР»СѓС‡РµРЅ, РїСЂРёСЃС‚СѓРїР°РµРј Рє СЂР°Р±РѕС‚Рµ!
2019-11-27T10:00:01.515029: Р§РµР»СЏР±РёРЅСЃРє - РЎСѓРї РїРѕР»СѓС‡РµРЅ, РїСЂРёСЃС‚СѓРїР°РµРј Рє СЂР°Р±РѕС‚Рµ!
2019-11-27T10:00:01.515029: РљСѓСЂРіР°РЅ - РЎСѓРї РїРѕР»СѓС‡РµРЅ, РїСЂРёСЃС‚СѓРїР°РµРј Рє СЂР°Р±РѕС‚Рµ!
2019-11-27T10:00:01.515029: РћСЂРµРЅР±СѓСЂРі - РЎСѓРї РїРѕР»СѓС‡РµРЅ, РїСЂРёСЃС‚СѓРїР°РµРј Рє СЂР°Р±РѕС‚Рµ!
2019-11-27T10:00:01.515029: Р РµРіРёРѕРЅС‹ - РЎСѓРї РїРѕР»СѓС‡РµРЅ, РїСЂРёСЃС‚СѓРїР°РµРј Рє СЂР°Р±РѕС‚Рµ!
2019-11-28T10:00:01.695956: Р®РЈР–Р” - РЎСѓРї РїРѕР»СѓС‡РµРЅ, РїСЂРёСЃС‚СѓРїР°РµРј Рє СЂР°Р±РѕС‚Рµ!
2019-11-28T10:00:01.695956: Р§РµР»СЏР±РёРЅСЃРє - РЎСѓРї РїРѕР»СѓС‡РµРЅ, РїСЂРёСЃС‚СѓРїР°РµРј Рє СЂР°Р±РѕС‚Рµ!
2019-11-28T10:00:01.695956: РљСѓСЂРіР°РЅ - РЎСѓРї РїРѕР»СѓС‡РµРЅ, РїСЂРёСЃС‚СѓРїР°РµРј Рє СЂР°Р±РѕС‚Рµ!
2019-11-28T10:00:01.695956: РћСЂРµРЅР±СѓСЂРі - РЎСѓРї РїРѕР»СѓС‡РµРЅ, РїСЂРёСЃС‚СѓРїР°РµРј Рє СЂР°Р±РѕС‚Рµ!
2019-11-28T10:00:01.695956: Р РµРіРёРѕРЅС‹ - РЎСѓРї РїРѕР»СѓС‡РµРЅ, РїСЂРёСЃС‚СѓРїР°РµРј Рє СЂР°Р±РѕС‚Рµ!
2019-11-29T10:00:02.250869: Р®РЈР–Р” - РЎСѓРї РїРѕР»СѓС‡РµРЅ, РїСЂРёСЃС‚СѓРїР°РµРј Рє СЂР°Р±РѕС‚Рµ!
2019-11-29T10:00:02.250869: Р§РµР»СЏР±РёРЅСЃРє - РЎСѓРї РїРѕР»СѓС‡РµРЅ, РїСЂРёСЃС‚СѓРїР°РµРј Рє СЂР°Р±РѕС‚Рµ!
2019-11-29T10:00:02.250869: РљСѓСЂРіР°РЅ - РЎСѓРї РїРѕР»СѓС‡РµРЅ, РїСЂРёСЃС‚СѓРїР°РµРј Рє СЂР°Р±РѕС‚Рµ!
2019-11-29T10:00:02.250869: РћСЂРµРЅР±СѓСЂРі - РЎСѓРї РїРѕР»СѓС‡РµРЅ, РїСЂРёСЃС‚СѓРїР°РµРј Рє СЂР°Р±РѕС‚Рµ!
2019-11-29T10:00:02.250869: Р РµРіРёРѕРЅС‹ - РЎСѓРї РїРѕР»СѓС‡РµРЅ, РїСЂРёСЃС‚СѓРїР°РµРј Рє СЂР°Р±РѕС‚Рµ!
2019-11-30T10:00:01.786252: Р®РЈР–Р” - РЎСѓРї РїРѕР»СѓС‡РµРЅ, РїСЂРёСЃС‚СѓРїР°РµРј Рє СЂР°Р±РѕС‚Рµ!
2019-12-01T10:00:01.777723: Р®РЈР–Р” - РЎСѓРї РїРѕР»СѓС‡РµРЅ, РїСЂРёСЃС‚СѓРїР°РµРј Рє СЂР°Р±РѕС‚Рµ!
2019-12-01T10:00:01.777723: Р§РµР»СЏР±РёРЅСЃРє - РЎСѓРї РїРѕР»СѓС‡РµРЅ, РїСЂРёСЃС‚СѓРїР°РµРј Рє СЂР°Р±РѕС‚Рµ!
2019-12-01T10:00:01.777723: РљСѓСЂРіР°РЅ - РЎСѓРї РїРѕР»СѓС‡РµРЅ, РїСЂРёСЃС‚СѓРїР°РµРј Рє СЂР°Р±РѕС‚Рµ!
2019-12-01T10:00:01.777723: РћСЂРµРЅР±СѓСЂРі - РЎСѓРї РїРѕР»СѓС‡РµРЅ, РїСЂРёСЃС‚СѓРїР°РµРј Рє СЂР°Р±РѕС‚Рµ!
2019-12-01T10:00:01.777723: Р РµРіРёРѕРЅС‹ - РЎСѓРї РїРѕР»СѓС‡РµРЅ, РїСЂРёСЃС‚СѓРїР°РµРј Рє СЂР°Р±РѕС‚Рµ!
2019-12-02T00:04:52.745399: Р®РЈР–Р” - РЎСѓРї РїРѕР»СѓС‡РµРЅ, РїСЂРёСЃС‚СѓРїР°РµРј Рє СЂР°Р±РѕС‚Рµ!
2019-12-02T00:04:52.745399: Р§РµР»СЏР±РёРЅСЃРє - РЎСѓРї РїРѕР»СѓС‡РµРЅ, РїСЂРёСЃС‚СѓРїР°РµРј Рє СЂР°Р±РѕС‚Рµ!
2019-12-02T00:04:52.745399: РљСѓСЂРіР°РЅ - РЎСѓРї РїРѕР»СѓС‡РµРЅ, РїСЂРёСЃС‚СѓРїР°РµРј Рє СЂР°Р±РѕС‚Рµ!
2019-12-02T00:04:52.745399: РћСЂРµРЅР±СѓСЂРі - РЎСѓРї РїРѕР»СѓС‡РµРЅ, РїСЂРёСЃС‚СѓРїР°РµРј Рє СЂР°Р±РѕС‚Рµ!
2019-12-02T00:04:52.745399: Р РµРіРёРѕРЅС‹ - РЎСѓРї РїРѕР»СѓС‡РµРЅ, РїСЂРёСЃС‚СѓРїР°РµРј Рє СЂР°Р±РѕС‚Рµ!
2019-12-02T07:00:01.362598: Р®РЈР–Р” - РЎСѓРї РїРѕР»СѓС‡РµРЅ, РїСЂРёСЃС‚СѓРїР°РµРј Рє СЂР°Р±РѕС‚Рµ!
2019-12-02T07:00:01.362598: Р§РµР»СЏР±РёРЅСЃРє - РЎСѓРї РїРѕР»СѓС‡РµРЅ, РїСЂРёСЃС‚СѓРїР°РµРј Рє СЂР°Р±РѕС‚Рµ!
2019-12-02T07:00:01.362598: РљСѓСЂРіР°РЅ - РЎСѓРї РїРѕР»СѓС‡РµРЅ, РїСЂРёСЃС‚СѓРїР°РµРј Рє СЂР°Р±РѕС‚Рµ!
2019-12-02T07:00:01.362598: РћСЂРµРЅР±СѓСЂРі - РЎСѓРї РїРѕР»СѓС‡РµРЅ, РїСЂРёСЃС‚СѓРїР°РµРј Рє СЂР°Р±РѕС‚Рµ!
2019-12-02T07:00:01.362598: Р РµРіРёРѕРЅС‹ - РЎСѓРї РїРѕР»СѓС‡РµРЅ, РїСЂРёСЃС‚СѓРїР°РµРј Рє СЂР°Р±РѕС‚Рµ!
2019-12-02T10:00:02.258032: Р®РЈР–Р” - РЎСѓРї РїРѕР»СѓС‡РµРЅ, РїСЂРёСЃС‚СѓРїР°РµРј Рє СЂР°Р±РѕС‚Рµ!
2019-12-02T10:00:02.258032: Р§РµР»СЏР±РёРЅСЃРє - РЎСѓРї РїРѕР»СѓС‡РµРЅ, РїСЂРёСЃС‚СѓРїР°РµРј Рє СЂР°Р±РѕС‚Рµ!
2019-12-02T10:00:02.258032: РљСѓСЂРіР°РЅ - РЎСѓРї РїРѕР»СѓС‡РµРЅ, РїСЂРёСЃС‚СѓРїР°РµРј Рє СЂР°Р±РѕС‚Рµ!
2019-12-02T10:00:02.258032: РћСЂРµРЅР±СѓСЂРі - РЎСѓРї РїРѕР»СѓС‡РµРЅ, РїСЂРёСЃС‚СѓРїР°РµРј Рє СЂР°Р±РѕС‚Рµ!
2019-12-02T10:00:02.258032: Р РµРіРёРѕРЅС‹ - РЎСѓРї РїРѕР»СѓС‡РµРЅ, РїСЂРёСЃС‚СѓРїР°РµРј Рє СЂР°Р±РѕС‚Рµ!
2019-12-02T19:39:10.565095: Р®РЈР–Р” - РЎСѓРї РїРѕР»СѓС‡РµРЅ, РїСЂРёСЃС‚СѓРїР°РµРј Рє СЂР°Р±РѕС‚Рµ!
2019-12-02T19:40:03.835863: Р®РЈР–Р” - РЎСѓРї РїРѕР»СѓС‡РµРЅ, РїСЂРёСЃС‚СѓРїР°РµРј Рє СЂР°Р±РѕС‚Рµ!
2019-12-02T19:55:50.302764: Р РµРіРёРѕРЅС‹ - РЎСѓРї РїРѕР»СѓС‡РµРЅ, РїСЂРёСЃС‚СѓРїР°РµРј Рє СЂР°Р±РѕС‚Рµ!
2019-12-03T07:00:01.386450: Р®РЈР–Р” - РЎСѓРї РїРѕР»СѓС‡РµРЅ, РїСЂРёСЃС‚СѓРїР°РµРј Рє СЂР°Р±РѕС‚Рµ!
2019-12-03T07:00:01.386450: Р§РµР»СЏР±РёРЅСЃРє - РЎСѓРї РїРѕР»СѓС‡РµРЅ, РїСЂРёСЃС‚СѓРїР°РµРј Рє СЂР°Р±РѕС‚Рµ!
2019-12-03T07:00:01.386450: РљСѓСЂРіР°РЅ - РЎСѓРї РїРѕР»СѓС‡РµРЅ, РїСЂРёСЃС‚СѓРїР°РµРј Рє СЂР°Р±РѕС‚Рµ!
2019-12-03T07:00:01.386450: РћСЂРµРЅР±СѓСЂРі - РЎСѓРї РїРѕР»СѓС‡РµРЅ, РїСЂРёСЃС‚СѓРїР°РµРј Рє СЂР°Р±РѕС‚Рµ!
2019-12-03T07:00:01.386450: Р РµРіРёРѕРЅС‹ - РЎСѓРї РїРѕР»СѓС‡РµРЅ, РїСЂРёСЃС‚СѓРїР°РµРј Рє СЂР°Р±РѕС‚Рµ!
2019-12-03T18:57:31.397520: Р®РЈР–Р” - РЎСѓРї РїРѕР»СѓС‡РµРЅ, РїСЂРёСЃС‚СѓРїР°РµРј Рє СЂР°Р±РѕС‚Рµ!
2019-12-03T19:08:34.357578: Р§РµР»СЏР±РёРЅСЃРє - РЎСѓРї РїРѕР»СѓС‡РµРЅ, РїСЂРёСЃС‚СѓРїР°РµРј Рє СЂР°Р±РѕС‚Рµ!
2019-12-03T19:08:34.357578: РћСЂРµРЅР±СѓСЂРі - РЎСѓРї РїРѕР»СѓС‡РµРЅ, РїСЂРёСЃС‚СѓРїР°РµРј Рє СЂР°Р±РѕС‚Рµ!
2019-12-03T19:17:46.903507: Р РµРіРёРѕРЅС‹ - РЎСѓРї РїРѕР»СѓС‡РµРЅ, РїСЂРёСЃС‚СѓРїР°РµРј Рє СЂР°Р±РѕС‚Рµ!
2019-12-03T19:19:10.120240: Р РµРіРёРѕРЅС‹ - РЎСѓРї РїРѕР»СѓС‡РµРЅ, РїСЂРёСЃС‚СѓРїР°РµРј Рє СЂР°Р±РѕС‚Рµ!
2019-12-03T19:22:33.846960: Р РµРіРёРѕРЅС‹ - РЎСѓРї РїРѕР»СѓС‡РµРЅ, РїСЂРёСЃС‚СѓРїР°РµРј Рє СЂР°Р±РѕС‚Рµ!
2019-12-03T19:38:16.454736: РљСѓСЂРіР°РЅ - РЎСѓРї РїРѕР»СѓС‡РµРЅ, РїСЂРёСЃС‚СѓРїР°РµРј Рє СЂР°Р±РѕС‚Рµ!
2019-12-03T19:38:16.454736: РћСЂРµРЅР±СѓСЂРі - РЎСѓРї РїРѕР»СѓС‡РµРЅ, РїСЂРёСЃС‚СѓРїР°РµРј Рє СЂР°Р±РѕС‚Рµ!
2019-12-03T20:02:41.126211: Р®РЈР–Р” - РЎСѓРї РїРѕР»СѓС‡РµРЅ, РїСЂРёСЃС‚СѓРїР°РµРј Рє СЂР°Р±РѕС‚Рµ!
2019-12-03T20:02:41.126211: Р§РµР»СЏР±РёРЅСЃРє - РЎСѓРї РїРѕР»СѓС‡РµРЅ, РїСЂРёСЃС‚СѓРїР°РµРј Рє СЂР°Р±РѕС‚Рµ!
